  Professor.cpp
c:\users\kitri\desktop\수강신청 (1)\수강신청\professor.cpp(115): warning C4477: 'sprintf' : format string '%s' requires an argument of type 'char *', but variadic argument 1 has type 'CString'
c:\users\kitri\desktop\수강신청 (1)\수강신청\professor.cpp(115): warning C4996: 'sprintf': This function or variable may be unsafe. Consider using sprintf_s instead. To disable deprecation, use _CRT_SECURE_NO_WARNINGS. See online help for details.
  c:\program files\windows kits\10\include\10.0.10240.0\ucrt\stdio.h(1769): note: see declaration of 'sprintf'
c:\users\kitri\desktop\수강신청 (1)\수강신청\professor.cpp(120): warning C4477: 'sprintf' : format string '%s' requires an argument of type 'char *', but variadic argument 1 has type 'CString'
c:\users\kitri\desktop\수강신청 (1)\수강신청\professor.cpp(120): warning C4996: 'sprintf': This function or variable may be unsafe. Consider using sprintf_s instead. To disable deprecation, use _CRT_SECURE_NO_WARNINGS. See online help for details.
  c:\program files\windows kits\10\include\10.0.10240.0\ucrt\stdio.h(1769): note: see declaration of 'sprintf'
c:\users\kitri\desktop\수강신청 (1)\수강신청\professor.cpp(125): warning C4477: 'sprintf' : format string '%s' requires an argument of type 'char *', but variadic argument 1 has type 'CString'
c:\users\kitri\desktop\수강신청 (1)\수강신청\professor.cpp(125): warning C4996: 'sprintf': This function or variable may be unsafe. Consider using sprintf_s instead. To disable deprecation, use _CRT_SECURE_NO_WARNINGS. See online help for details.
  c:\program files\windows kits\10\include\10.0.10240.0\ucrt\stdio.h(1769): note: see declaration of 'sprintf'
c:\users\kitri\desktop\수강신청 (1)\수강신청\professor.cpp(135): warning C4477: 'sprintf' : format string '%s' requires an argument of type 'char *', but variadic argument 1 has type 'CString'
c:\users\kitri\desktop\수강신청 (1)\수강신청\professor.cpp(135): warning C4996: 'sprintf': This function or variable may be unsafe. Consider using sprintf_s instead. To disable deprecation, use _CRT_SECURE_NO_WARNINGS. See online help for details.
  c:\program files\windows kits\10\include\10.0.10240.0\ucrt\stdio.h(1769): note: see declaration of 'sprintf'
c:\users\kitri\desktop\수강신청 (1)\수강신청\professor.cpp(140): warning C4477: 'sprintf' : format string '%s' requires an argument of type 'char *', but variadic argument 1 has type 'CString'
c:\users\kitri\desktop\수강신청 (1)\수강신청\professor.cpp(140): warning C4996: 'sprintf': This function or variable may be unsafe. Consider using sprintf_s instead. To disable deprecation, use _CRT_SECURE_NO_WARNINGS. See online help for details.
  c:\program files\windows kits\10\include\10.0.10240.0\ucrt\stdio.h(1769): note: see declaration of 'sprintf'
c:\users\kitri\desktop\수강신청 (1)\수강신청\professor.cpp(145): warning C4477: 'sprintf' : format string '%s' requires an argument of type 'char *', but variadic argument 1 has type 'CString'
c:\users\kitri\desktop\수강신청 (1)\수강신청\professor.cpp(145): warning C4996: 'sprintf': This function or variable may be unsafe. Consider using sprintf_s instead. To disable deprecation, use _CRT_SECURE_NO_WARNINGS. See online help for details.
  c:\program files\windows kits\10\include\10.0.10240.0\ucrt\stdio.h(1769): note: see declaration of 'sprintf'
c:\users\kitri\desktop\수강신청 (1)\수강신청\professor.cpp(150): warning C4477: 'sprintf' : format string '%s' requires an argument of type 'char *', but variadic argument 1 has type 'CString'
c:\users\kitri\desktop\수강신청 (1)\수강신청\professor.cpp(150): warning C4996: 'sprintf': This function or variable may be unsafe. Consider using sprintf_s instead. To disable deprecation, use _CRT_SECURE_NO_WARNINGS. See online help for details.
  c:\program files\windows kits\10\include\10.0.10240.0\ucrt\stdio.h(1769): note: see declaration of 'sprintf'
  수강신청.vcxproj -> C:\Users\KITRI\Desktop\수강신청 (1)\x64\Debug\수강신청.exe
  수강신청.vcxproj -> C:\Users\KITRI\Desktop\수강신청 (1)\x64\Debug\수강신청.pdb (Partial PDB)
